Using pre-set license
Built from '2020.3/staging' branch; Version is '2020.3.26f1 (7298b473bc1a) revision 7510196'; Using compiler version '192528614'; Build Type 'Release'
OS: 'Windows 10  (10.0.19043) 64bit Professional' Language: 'en' Physical Memory: 7778 MB
BatchMode: 1, IsHumanControllingUs: 0, StartBugReporterOnCrash: 0, Is64bit: 1, IsPro: 0

COMMAND LINE ARGUMENTS:
C:\Program Files\Unity\Hub\Editor\2020.3.26f1\Editor\Unity.exe
-adb2
-batchMode
-noUpm
-name
AssetImportWorker0
-projectPath
C:/Users/mesa/CHamer_Unit3
-logFile
Logs/AssetImportWorker0.log
-srvPort
60838
Successfully changed project path to: C:/Users/mesa/CHamer_Unit3
C:/Users/mesa/CHamer_Unit3
Using Asset Import Pipeline V2.
Refreshing native plugins compatible for Editor in 74.70 ms, found 2 plugins.
Preloading 0 native plugins for Editor in 0.00 ms.
Initialize engine version: 2020.3.26f1 (7298b473bc1a)
[Subsystems] Discovering subsystems at path C:/Program Files/Unity/Hub/Editor/2020.3.26f1/Editor/Data/Resources/UnitySubsystems
[Subsystems] Discovering subsystems at path C:/Users/mesa/CHamer_Unit3/Assets
GfxDevice: creating device client; threaded=0
Direct3D:
    Version:  Direct3D 11.0 [level 11.1]
    Renderer: Intel(R) Iris(R) Plus Graphics (ID=0x8a5a)
    Vendor:   
    VRAM:     3889 MB
    Driver:   27.20.100.9621
Initialize mono
Mono path[0] = 'C:/Program Files/Unity/Hub/Editor/2020.3.26f1/Editor/Data/Managed'
Mono path[1] = 'C:/Program Files/Unity/Hub/Editor/2020.3.26f1/Editor/Data/MonoBleedingEdge/lib/mono/unityjit'
Mono config path = 'C:/Program Files/Unity/Hub/Editor/2020.3.26f1/Editor/Data/MonoBleedingEdge/etc'
Using monoOptions --debugger-agent=transport=dt_socket,embedding=1,server=y,suspend=n,address=127.0.0.1:56976
Begin MonoManager ReloadAssembly
Registering precompiled unity dll's ...
Register platform support module: C:/Program Files/Unity/Hub/Editor/2020.3.26f1/Editor/Data/PlaybackEngines/WebGLSupport/UnityEditor.WebGL.Extensions.dll
Register platform support module: C:/Program Files/Unity/Hub/Editor/2020.3.26f1/Editor/Data/PlaybackEngines/WindowsStandaloneSupport/UnityEditor.WindowsStandalone.Extensions.dll
Register platform support module: C:/Program Files/Unity/Hub/Editor/2020.3.26f1/Editor/Data/PlaybackEngines/LuminSupport/UnityEditor.Lumin.Extensions.dll
Registered in 0.006519 seconds.
Native extension for Lumin target not found
Native extension for WindowsStandalone target not found
Native extension for WebGL target not found
Refreshing native plugins compatible for Editor in 86.99 ms, found 2 plugins.
Preloading 0 native plugins for Editor in 0.00 ms.
Mono: successfully reloaded assembly
- Completed reload, in  1.380 seconds
Domain Reload Profiling:
	ReloadAssembly (1381ms)
		BeginReloadAssembly (120ms)
			ExecutionOrderSort (0ms)
			DisableScriptedObjects (0ms)
			BackupInstance (0ms)
			ReleaseScriptingObjects (0ms)
			CreateAndSetChildDomain (2ms)
		EndReloadAssembly (1082ms)
			LoadAssemblies (116ms)
			RebuildTransferFunctionScriptingTraits (0ms)
			SetupTypeCache (352ms)
			ReleaseScriptCaches (0ms)
			RebuildScriptCaches (70ms)
			SetupLoadedEditorAssemblies (405ms)
				LogAssemblyErrors (0ms)
				InitializePlatformSupportModulesInManaged (14ms)
				SetLoadedEditorAssemblies (1ms)
				RefreshPlugins (87ms)
				BeforeProcessingInitializeOnLoad (36ms)
				ProcessInitializeOnLoadAttributes (203ms)
				ProcessInitializeOnLoadMethodAttributes (63ms)
				AfterProcessingInitializeOnLoad (0ms)
				EditorAssembliesLoaded (0ms)
			ExecutionOrderSort2 (0ms)
			AwakeInstancesAfterBackupRestoration (0ms)
Platform modules already initialized, skipping
Registering precompiled user dll's ...
Registered in 0.008006 seconds.
Begin MonoManager ReloadAssembly
Native extension for Lumin target not found
Native extension for WindowsStandalone target not found
Native extension for WebGL target not found
Refreshing native plugins compatible for Editor in 0.53 ms, found 2 plugins.
Preloading 0 native plugins for Editor in 0.00 ms.
Mono: successfully reloaded assembly
- Completed reload, in  2.264 seconds
Domain Reload Profiling:
	ReloadAssembly (2266ms)
		BeginReloadAssembly (305ms)
			ExecutionOrderSort (0ms)
			DisableScriptedObjects (11ms)
			BackupInstance (0ms)
			ReleaseScriptingObjects (0ms)
			CreateAndSetChildDomain (32ms)
		EndReloadAssembly (1813ms)
			LoadAssemblies (197ms)
			RebuildTransferFunctionScriptingTraits (0ms)
			SetupTypeCache (650ms)
			ReleaseScriptCaches (1ms)
			RebuildScriptCaches (81ms)
			SetupLoadedEditorAssemblies (683ms)
				LogAssemblyErrors (0ms)
				InitializePlatformSupportModulesInManaged (12ms)
				SetLoadedEditorAssemblies (1ms)
				RefreshPlugins (1ms)
				BeforeProcessingInitializeOnLoad (193ms)
				ProcessInitializeOnLoadAttributes (442ms)
				ProcessInitializeOnLoadMethodAttributes (19ms)
				AfterProcessingInitializeOnLoad (14ms)
				EditorAssembliesLoaded (1ms)
			ExecutionOrderSort2 (0ms)
			AwakeInstancesAfterBackupRestoration (16ms)
Platform modules already initialized, skipping
========================================================================
Worker process is ready to serve import requests
Launched and connected shader compiler UnityShaderCompiler.exe after 0.09 seconds
Refreshing native plugins compatible for Editor in 0.47 ms, found 2 plugins.
Preloading 0 native plugins for Editor in 0.00 ms.
Unloading 1507 Unused Serialized files (Serialized files now loaded: 0)
System memory in use before: 69.2 MB.
System memory in use after: 69.3 MB.

Unloading 19 unused Assets to reduce memory usage. Loaded Objects now: 1940.
Total: 5.268100 ms (FindLiveObjects: 0.168500 ms CreateObjectMapping: 0.062100 ms MarkObjects: 4.841000 ms  DeleteObjects: 0.193800 ms)

AssetImportParameters requested are different than current active one (requested -> active):
  custom:framework-win-MediaFoundation: 216162199b28c13a410421893ffa2e32 -> 
  custom:video-decoder-ogg-theora: a1e56fd34408186e4bbccfd4996cb3dc -> 
  custom:container-muxer-webm: aa71ff27fc2769a1b78a27578f13a17b -> 
  custom:container-demuxer-webm: 4f35f7cbe854078d1ac9338744f61a02 -> 
  custom:container-demuxer-ogg: 62fdf1f143b41e24485cea50d1cbac27 -> 
  custom:video-encoder-webm-vp8: eb34c28f22e8b96e1ab97ce403110664 -> 
  custom:video-codec-MediaFoundation-h265: 746d11721c4dcdbdad8f713fa42b33f4 -> 
  custom:video-decoder-webm-vp8: 9c59270c3fd7afecdb556c50c9e8de78 -> 
  custom:audio-decoder-ogg-vorbis: bf7c407c2cedff20999df2af8eb42d56 -> 
  custom:audio-encoder-webm-vorbis: bf7c407c2cedff20999df2af8eb42d56 -> 
========================================================================
Received Import Request.
  path: Assets/Prefabs/Obstacle.prefab
  artifactKey: Guid(03b600902aa0fd841a1569206cdc085a) Importer(815301076,1909f56bfc062723c751e8b465ee728b)
Start importing Assets/Prefabs/Obstacle.prefab using Guid(03b600902aa0fd841a1569206cdc085a) Importer(815301076,1909f56bfc062723c751e8b465ee728b)  -> (artifact id: '88ac3de5f6447ead47de8b371c58d8a4') in 0.201416 seconds 
  Import took 0.206707 seconds .

========================================================================
Received Import Request.
  Time since last request: 15.580621 seconds.
  path: Assets/Prefabs/Obstacle.prefab
  artifactKey: Guid(03b600902aa0fd841a1569206cdc085a) Importer(815301076,1909f56bfc062723c751e8b465ee728b)
Start importing Assets/Prefabs/Obstacle.prefab using Guid(03b600902aa0fd841a1569206cdc085a) Importer(815301076,1909f56bfc062723c751e8b465ee728b)  -> (artifact id: '492632a78554f2c6fb12b7795158bd94') in 0.022729 seconds 
  Import took 0.027516 seconds .

========================================================================
Received Import Request.
  Time since last request: 32.262099 seconds.
  path: Assets/Prefabs/Obstacle.prefab
  artifactKey: Guid(03b600902aa0fd841a1569206cdc085a) Importer(815301076,1909f56bfc062723c751e8b465ee728b)
Start importing Assets/Prefabs/Obstacle.prefab using Guid(03b600902aa0fd841a1569206cdc085a) Importer(815301076,1909f56bfc062723c751e8b465ee728b)  -> (artifact id: '4ab8a1314a223f6a31996ec614c4086f') in 0.040668 seconds 
  Import took 0.046935 seconds .

========================================================================
Received Import Request.
  Time since last request: 12.500685 seconds.
  path: Assets/Prefabs/Obstacle.prefab
  artifactKey: Guid(03b600902aa0fd841a1569206cdc085a) Importer(815301076,1909f56bfc062723c751e8b465ee728b)
Start importing Assets/Prefabs/Obstacle.prefab using Guid(03b600902aa0fd841a1569206cdc085a) Importer(815301076,1909f56bfc062723c751e8b465ee728b)  -> (artifact id: '970b3498816b9c24f349f28ae8dd8db3') in 0.022646 seconds 
  Import took 0.027272 seconds .

========================================================================
Received Import Request.
  Time since last request: 111.253757 seconds.
  path: Assets/Prefabs/Obstacle.prefab
  artifactKey: Guid(03b600902aa0fd841a1569206cdc085a) Importer(815301076,1909f56bfc062723c751e8b465ee728b)
Start importing Assets/Prefabs/Obstacle.prefab using Guid(03b600902aa0fd841a1569206cdc085a) Importer(815301076,1909f56bfc062723c751e8b465ee728b)  -> (artifact id: 'f25d6d23d8f42a82de08e6b8dd326f0f') in 0.034018 seconds 
  Import took 0.042025 seconds .

========================================================================
Received Import Request.
  Time since last request: 22.121767 seconds.
  path: Assets/Prefabs/Obstacle.prefab
  artifactKey: Guid(03b600902aa0fd841a1569206cdc085a) Importer(815301076,1909f56bfc062723c751e8b465ee728b)
Start importing Assets/Prefabs/Obstacle.prefab using Guid(03b600902aa0fd841a1569206cdc085a) Importer(815301076,1909f56bfc062723c751e8b465ee728b)  -> (artifact id: '84c8d446d26003ab70d684de5cc0cb6d') in 0.025020 seconds 
  Import took 0.030624 seconds .

========================================================================
Received Import Request.
  Time since last request: 80.257751 seconds.
  path: Assets/Prefabs/Obstacle.prefab
  artifactKey: Guid(03b600902aa0fd841a1569206cdc085a) Importer(815301076,1909f56bfc062723c751e8b465ee728b)
Start importing Assets/Prefabs/Obstacle.prefab using Guid(03b600902aa0fd841a1569206cdc085a) Importer(815301076,1909f56bfc062723c751e8b465ee728b)  -> (artifact id: 'd221675c03fa7dcf73e0e465bd814aee') in 0.035507 seconds 
  Import took 0.044380 seconds .

========================================================================
Received Import Request.
  Time since last request: 498.838046 seconds.
  path: Assets/Prefabs/Obstacle.prefab
  artifactKey: Guid(03b600902aa0fd841a1569206cdc085a) Importer(815301076,1909f56bfc062723c751e8b465ee728b)
Start importing Assets/Prefabs/Obstacle.prefab using Guid(03b600902aa0fd841a1569206cdc085a) Importer(815301076,1909f56bfc062723c751e8b465ee728b)  -> (artifact id: '486dda460e881af4473abe2573c35b8a') in 0.079379 seconds 
  Import took 0.093257 seconds .

========================================================================
Received Import Request.
  Time since last request: 12.310900 seconds.
  path: Assets/Prefabs/Point Light.controller
  artifactKey: Guid(7cab6996b4ea2334cbfdeaf9bb3aa67b) Importer(815301076,1909f56bfc062723c751e8b465ee728b)
Start importing Assets/Prefabs/Point Light.controller using Guid(7cab6996b4ea2334cbfdeaf9bb3aa67b) Importer(815301076,1909f56bfc062723c751e8b465ee728b)  -> (artifact id: 'e030707eb0b6668af78cb828fe7bb758') in 0.019931 seconds 
  Import took 0.024432 seconds .

========================================================================
Received Import Request.
  Time since last request: 7.294091 seconds.
  path: Assets/Prefabs/BlinkingHazard.anim
  artifactKey: Guid(b1769f05d800f0c409a8f6ab0aee8308) Importer(815301076,1909f56bfc062723c751e8b465ee728b)
Start importing Assets/Prefabs/BlinkingHazard.anim using Guid(b1769f05d800f0c409a8f6ab0aee8308) Importer(815301076,1909f56bfc062723c751e8b465ee728b)  -> (artifact id: '2a14617468c301ebe25a552ebd563dde') in 0.018580 seconds 
  Import took 0.023114 seconds .

